C:\Program Files (x86)\Microsoft Visual Studio\2017\Community\Common7\IDE\VC\VCTargets\Microsoft.CppBuild.targets(387,5): warning MSB8028: The intermediate directory (x64\Debug\) contains files shared from another project (opencv_project.vcxproj).  This can lead to incorrect clean and rebuild behavior.
  Fire_recog.cpp
c:\opencv\build\include\opencv2\core\mat.hpp(2586): warning C4819: The file contains a character that cannot be represented in the current code page (950). Save the file in Unicode format to prevent data loss
c:\opencv\build\include\opencv2\core\persistence.hpp : warning C4819: The file contains a character that cannot be represented in the current code page (950). Save the file in Unicode format to prevent data loss
c:\opencv\build\include\opencv2\core\utility.hpp : warning C4819: The file contains a character that cannot be represented in the current code page (950). Save the file in Unicode format to prevent data loss
c:\opencv\build\include\opencv2\core\utility.hpp : warning C4819: The file contains a character that cannot be represented in the current code page (950). Save the file in Unicode format to prevent data loss
c:\opencv\build\include\opencv2\flann\dist.h : warning C4819: The file contains a character that cannot be represented in the current code page (950). Save the file in Unicode format to prevent data loss
c:\opencv\build\include\opencv2\imgproc.hpp : warning C4819: The file contains a character that cannot be represented in the current code page (950). Save the file in Unicode format to prevent data loss
c:\opencv\build\include\opencv2\imgproc.hpp(592): warning C4819: The file contains a character that cannot be represented in the current code page (950). Save the file in Unicode format to prevent data loss
c:\opencv\build\include\opencv2\stitching\detail\motion_estimators.hpp : warning C4819: The file contains a character that cannot be represented in the current code page (950). Save the file in Unicode format to prevent data loss
c:\opencv\build\include\opencv2\video\tracking.hpp(532): warning C4819: The file contains a character that cannot be represented in the current code page (950). Save the file in Unicode format to prevent data loss
c:\users\yckuo\desktop\成\畢業專題\code\fire_recognition_latest\opencv_project\fire_recog.cpp(57): warning C4244: 'initializing': conversion from 'double' to 'int', possible loss of data
c:\users\yckuo\desktop\成\畢業專題\code\fire_recognition_latest\opencv_project\fire_recog.cpp(57): warning C4244: 'initializing': conversion from 'double' to 'const int', possible loss of data
c:\users\yckuo\desktop\成\畢業專題\code\fire_recognition_latest\opencv_project\fire_recog.cpp(62): warning C4244: 'initializing': conversion from 'double' to 'int', possible loss of data
c:\users\yckuo\desktop\成\畢業專題\code\fire_recognition_latest\opencv_project\fire_recog.cpp(62): warning C4244: 'initializing': conversion from 'double' to 'const int', possible loss of data
c:\users\yckuo\desktop\成\畢業專題\code\fire_recognition_latest\opencv_project\fire_recog.cpp(183): warning C4267: 'initializing': conversion from 'size_t' to 'int', possible loss of data
c:\users\yckuo\desktop\成\畢業專題\code\fire_recognition_latest\opencv_project\fire_recog.cpp(196): warning C4244: '=': conversion from 'double' to 'int', possible loss of data
c:\users\yckuo\desktop\成\畢業專題\code\fire_recognition_latest\opencv_project\fire_recog.cpp(197): warning C4244: '=': conversion from 'double' to 'int', possible loss of data
c:\users\yckuo\desktop\成\畢業專題\code\fire_recognition_latest\opencv_project\fire_recog.cpp(249): warning C4244: '=': conversion from 'double' to 'float', possible loss of data
c:\users\yckuo\desktop\成\畢業專題\code\fire_recognition_latest\opencv_project\fire_recog.cpp(456): warning C4267: 'argument': conversion from 'size_t' to 'int', possible loss of data
  opencv_project.vcxproj -> C:\Users\yckuo\Desktop\成\畢業專題\code\Fire_recognition_latest\x64\Debug\fire_recog.exe
  opencv_project.vcxproj -> C:\Users\yckuo\Desktop\成\畢業專題\code\Fire_recognition_latest\x64\Debug\fire_recog.pdb (Partial PDB)
